app/build/intermediates/manifest_merge_blame_file/debug/processDebugMainManifest/manifest-merger-blame-debug-report.txt
1<?xml version="1.0" encoding="utf-8"?>
2<manifest xmlns:android="http://schemas.android.com/apk/res/android"
3    package="com.drivehub.browser"
4    android:versionCode="3"
5    android:versionName="1.3" >
6
7    <uses-sdk
8        android:minSdkVersion="29"
9        android:targetSdkVersion="36" />
10
11    <uses-permission android:name="android.permission.INTERNET" />
11-->src\main\AndroidManifest.xml:5:5-67
11-->src\main\AndroidManifest.xml:5:22-64
12    <uses-permission android:name="androidx.car.app.ACCESS_SURFACE" />
12-->src\main\AndroidManifest.xml:6:5-71
12-->src\main\AndroidManifest.xml:6:22-68
13    <uses-permission android:name="androidx.car.app.MAP_TEMPLATES" />
13-->src\main\AndroidManifest.xml:7:5-70
13-->src\main\AndroidManifest.xml:7:22-67
14    <uses-permission android:name="android.permission.ACCESS_FINE_LOCATION" />
14-->src\main\AndroidManifest.xml:8:5-79
14-->src\main\AndroidManifest.xml:8:22-76
15    <uses-permission android:name="android.permission.ACCESS_COARSE_LOCATION" />
15-->src\main\AndroidManifest.xml:9:5-81
15-->src\main\AndroidManifest.xml:9:22-78
16    <uses-permission android:name="android.car.permission.CAR_INFO" />
16-->src\main\AndroidManifest.xml:10:5-71
16-->src\main\AndroidManifest.xml:10:22-68
17    <uses-permission android:name="android.car.permission.CAR_SPEED" />
17-->src\main\AndroidManifest.xml:11:5-72
17-->src\main\AndroidManifest.xml:11:22-69
18
19    <!-- Additional permissions for video playback -->
20    <uses-permission android:name="android.permission.RECORD_AUDIO" />
20-->src\main\AndroidManifest.xml:14:5-71
20-->src\main\AndroidManifest.xml:14:22-68
21    <uses-permission android:name="android.permission.CAMERA" />
21-->src\main\AndroidManifest.xml:15:5-65
21-->src\main\AndroidManifest.xml:15:22-62
22    <uses-permission android:name="android.permission.MODIFY_AUDIO_SETTINGS" />
22-->src\main\AndroidManifest.xml:16:5-80
22-->src\main\AndroidManifest.xml:16:22-77
23    <uses-permission android:name="android.permission.WAKE_LOCK" />
23-->src\main\AndroidManifest.xml:17:5-68
23-->src\main\AndroidManifest.xml:17:22-65
24    <uses-permission android:name="android.permission.WRITE_EXTERNAL_STORAGE" />
24-->src\main\AndroidManifest.xml:18:5-81
24-->src\main\AndroidManifest.xml:18:22-78
25    <uses-permission android:name="android.permission.READ_EXTERNAL_STORAGE" />
25-->src\main\AndroidManifest.xml:19:5-80
25-->src\main\AndroidManifest.xml:19:22-77
26
27    <queries>
27-->[androidx.car.app:app:1.7.0] AndroidManifest.xml:23:5-28:15
28        <provider
28-->[androidx.car.app:app:1.7.0] AndroidManifest.xml:24:9-27:43
29            android:name="androidx.car.app.connection.provider"
29-->[androidx.car.app:app:1.7.0] AndroidManifest.xml:25:13-64
30            android:authorities="androidx.car.app.connection" />
30-->[androidx.car.app:app:1.7.0] AndroidManifest.xml:26:13-62
31    </queries>
32
33    <permission
33-->[androidx.core:core:1.15.0] AndroidManifest.xml:22:5-24:47
34        android:name="com.drivehub.browser.DYNAMIC_RECEIVER_NOT_EXPORTED_PERMISSION"
34-->[androidx.core:core:1.15.0] AndroidManifest.xml:23:9-81
35        android:protectionLevel="signature" />
35-->[androidx.core:core:1.15.0] AndroidManifest.xml:24:9-44
36
37    <uses-permission android:name="com.drivehub.browser.DYNAMIC_RECEIVER_NOT_EXPORTED_PERMISSION" />
37-->[androidx.core:core:1.15.0] AndroidManifest.xml:26:5-97
37-->[androidx.core:core:1.15.0] AndroidManifest.xml:26:22-94
38
39    <application
39-->src\main\AndroidManifest.xml:21:5-101:19
40        android:allowBackup="true"
40-->src\main\AndroidManifest.xml:22:9-35
41        android:appCategory="game"
41-->src\main\AndroidManifest.xml:23:9-35
42        android:appComponentFactory="androidx.core.app.CoreComponentFactory"
42-->[androidx.core:core:1.15.0] AndroidManifest.xml:28:18-86
43        android:dataExtractionRules="@xml/data_extraction_rules"
43-->src\main\AndroidManifest.xml:24:9-65
44        android:debuggable="true"
45        android:extractNativeLibs="false"
46        android:fullBackupContent="@xml/backup_rules"
46-->src\main\AndroidManifest.xml:25:9-54
47        android:hardwareAccelerated="true"
47-->src\main\AndroidManifest.xml:26:9-43
48        android:icon="@mipmap/ic_launcher"
48-->src\main\AndroidManifest.xml:27:9-43
49        android:label="@string/app_name"
49-->src\main\AndroidManifest.xml:28:9-41
50        android:networkSecurityConfig="@xml/network_security_config"
50-->src\main\AndroidManifest.xml:31:9-69
51        android:roundIcon="@mipmap/ic_launcher_round"
51-->src\main\AndroidManifest.xml:29:9-54
52        android:supportsRtl="true"
52-->src\main\AndroidManifest.xml:30:9-35
53        android:theme="@style/Theme.DriveHub"
53-->src\main\AndroidManifest.xml:33:9-46
54        android:usesCleartextTraffic="true" >
54-->src\main\AndroidManifest.xml:32:9-44
55        <meta-data
55-->src\main\AndroidManifest.xml:34:9-36:36
56            android:name="distractionOptimized"
56-->src\main\AndroidManifest.xml:35:13-48
57            android:value="true" />
57-->src\main\AndroidManifest.xml:36:13-33
58        <meta-data
58-->src\main\AndroidManifest.xml:37:9-39:36
59            android:name="android.car.application"
59-->src\main\AndroidManifest.xml:38:13-51
60            android:value="true" />
60-->src\main\AndroidManifest.xml:39:13-33
61        <meta-data
61-->src\main\AndroidManifest.xml:40:9-42:35
62            android:name="android.max_aspect"
62-->src\main\AndroidManifest.xml:41:13-46
63            android:value="4.0" />
63-->src\main\AndroidManifest.xml:42:13-32
64        <meta-data
64-->src\main\AndroidManifest.xml:43:9-45:33
65            android:name="androidx.car.app.minCarApiLevel"
65-->src\main\AndroidManifest.xml:44:13-59
66            android:value="7" />
66-->src\main\AndroidManifest.xml:45:13-30
67        <meta-data
67-->src\main\AndroidManifest.xml:46:9-48:59
68            android:name="com.google.android.gms.car.application"
68-->src\main\AndroidManifest.xml:47:13-66
69            android:resource="@xml/automotive_app_desc" />
69-->src\main\AndroidManifest.xml:48:13-56
70        <meta-data
70-->src\main\AndroidManifest.xml:49:9-51:36
71            android:name="android.car.app.ALWAYS_ALLOW_UNOPTIMIZED"
71-->src\main\AndroidManifest.xml:50:13-68
72            android:value="true" />
72-->src\main\AndroidManifest.xml:51:13-33
73        <meta-data
73-->src\main\AndroidManifest.xml:52:9-54:36
74            android:name="android.car.app.DRIVING_MODE_OPTIMIZED"
74-->src\main\AndroidManifest.xml:53:13-66
75            android:value="true" />
75-->src\main\AndroidManifest.xml:54:13-33
76
77        <activity
77-->src\main\AndroidManifest.xml:55:9-66:20
78            android:name="com.drivehub.browser.SplashActivity"
78-->src\main\AndroidManifest.xml:56:13-43
79            android:exported="true"
79-->src\main\AndroidManifest.xml:57:13-36
80            android:theme="@style/Theme.DriveHub.Splash" >
80-->src\main\AndroidManifest.xml:58:13-57
81            <intent-filter>
81-->src\main\AndroidManifest.xml:59:13-65:29
82                <action android:name="android.intent.action.MAIN" />
82-->src\main\AndroidManifest.xml:60:17-69
82-->src\main\AndroidManifest.xml:60:25-66
83
84                <category android:name="android.intent.category.LAUNCHER" />
84-->src\main\AndroidManifest.xml:61:17-77
84-->src\main\AndroidManifest.xml:61:27-74
85                <category android:name="android.intent.category.DEFAULT" />
85-->src\main\AndroidManifest.xml:62:17-76
85-->src\main\AndroidManifest.xml:62:27-73
86                <category android:name="android.intent.category.CAR_LAUNCHER" />
86-->src\main\AndroidManifest.xml:63:17-81
86-->src\main\AndroidManifest.xml:63:27-78
87                <category android:name="androidx.car.app.category.NAVIGATION" />
87-->src\main\AndroidManifest.xml:64:17-81
87-->src\main\AndroidManifest.xml:64:27-78
88            </intent-filter>
89        </activity>
90        <activity
90-->src\main\AndroidManifest.xml:68:9-96:20
91            android:name="com.drivehub.browser.MainActivity"
91-->src\main\AndroidManifest.xml:69:13-41
92            android:configChanges="orientation|screenSize|smallestScreenSize|screenLayout|density|uiMode|layoutDirection|locale|keyboardHidden"
92-->src\main\AndroidManifest.xml:70:13-144
93            android:exported="true"
93-->src\main\AndroidManifest.xml:73:13-36
94            android:label="@string/app_name"
94-->src\main\AndroidManifest.xml:75:13-45
95            android:launchMode="singleTop"
95-->src\main\AndroidManifest.xml:71:13-43
96            android:resizeableActivity="true"
96-->src\main\AndroidManifest.xml:74:13-46
97            android:screenOrientation="unspecified"
97-->src\main\AndroidManifest.xml:72:13-52
98            android:theme="@style/Theme.DriveHub" >
98-->src\main\AndroidManifest.xml:76:13-50
99            <intent-filter>
99-->src\main\AndroidManifest.xml:77:13-85:29
100                <action android:name="android.intent.action.VIEW" />
100-->src\main\AndroidManifest.xml:78:17-69
100-->src\main\AndroidManifest.xml:78:25-66
101
102                <category android:name="android.intent.category.DEFAULT" />
102-->src\main\AndroidManifest.xml:62:17-76
102-->src\main\AndroidManifest.xml:62:27-73
103                <category android:name="android.intent.category.CAR_LAUNCHER" />
103-->src\main\AndroidManifest.xml:63:17-81
103-->src\main\AndroidManifest.xml:63:27-78
104                <category android:name="androidx.car.app.category.NAVIGATION" />
104-->src\main\AndroidManifest.xml:64:17-81
104-->src\main\AndroidManifest.xml:64:27-78
105
106                <data android:scheme="http" />
106-->src\main\AndroidManifest.xml:83:17-47
106-->src\main\AndroidManifest.xml:83:23-44
107                <data android:scheme="https" />
107-->src\main\AndroidManifest.xml:83:17-47
107-->src\main\AndroidManifest.xml:83:23-44
108            </intent-filter>
109
110            <layout
110-->src\main\AndroidManifest.xml:86:13-91:49
111                android:defaultHeight="480dp"
111-->src\main\AndroidManifest.xml:91:17-46
112                android:defaultWidth="800dp"
112-->src\main\AndroidManifest.xml:90:17-45
113                android:gravity="fill"
113-->src\main\AndroidManifest.xml:89:17-39
114                android:minHeight="1dp"
114-->src\main\AndroidManifest.xml:88:17-40
115                android:minWidth="1dp" />
115-->src\main\AndroidManifest.xml:87:17-39
116
117            <meta-data
117-->src\main\AndroidManifest.xml:34:9-36:36
118                android:name="distractionOptimized"
118-->src\main\AndroidManifest.xml:35:13-48
119                android:value="true" />
119-->src\main\AndroidManifest.xml:36:13-33
120            <meta-data
120-->src\main\AndroidManifest.xml:40:9-42:35
121                android:name="android.max_aspect"
121-->src\main\AndroidManifest.xml:41:13-46
122                android:value="5.0" />
122-->src\main\AndroidManifest.xml:42:13-32
123            <meta-data
123-->src\main\AndroidManifest.xml:37:9-39:36
124                android:name="android.car.application"
124-->src\main\AndroidManifest.xml:38:13-51
125                android:value="true" />
125-->src\main\AndroidManifest.xml:39:13-33
126            <meta-data
126-->src\main\AndroidManifest.xml:95:13-99
127                android:name="android.car.application.ALWAYS_ALLOW"
127-->src\main\AndroidManifest.xml:95:24-75
128                android:value="true" />
128-->src\main\AndroidManifest.xml:95:76-96
129        </activity>
130        <activity
130-->[androidx.car.app:app:1.7.0] AndroidManifest.xml:31:9-34:75
131            android:name="androidx.car.app.CarAppPermissionActivity"
131-->[androidx.car.app:app:1.7.0] AndroidManifest.xml:32:13-69
132            android:exported="false"
132-->[androidx.car.app:app:1.7.0] AndroidManifest.xml:33:13-37
133            android:theme="@android:style/Theme.Translucent.NoTitleBar" />
133-->[androidx.car.app:app:1.7.0] AndroidManifest.xml:34:13-72
134
135        <receiver
135-->[androidx.car.app:app:1.7.0] AndroidManifest.xml:36:9-38:40
136            android:name="androidx.car.app.notification.CarAppNotificationBroadcastReceiver"
136-->[androidx.car.app:app:1.7.0] AndroidManifest.xml:37:13-93
137            android:exported="false" />
137-->[androidx.car.app:app:1.7.0] AndroidManifest.xml:38:13-37
138
139        <provider
139-->[androidx.emoji2:emoji2:1.3.0] AndroidManifest.xml:24:9-32:20
140            android:name="androidx.startup.InitializationProvider"
140-->[androidx.emoji2:emoji2:1.3.0] AndroidManifest.xml:25:13-67
141            android:authorities="com.drivehub.browser.androidx-startup"
141-->[androidx.emoji2:emoji2:1.3.0] AndroidManifest.xml:26:13-68
142            android:exported="false" >
142-->[androidx.emoji2:emoji2:1.3.0] AndroidManifest.xml:27:13-37
143            <meta-data
143-->[androidx.emoji2:emoji2:1.3.0] AndroidManifest.xml:29:13-31:52
144                android:name="androidx.emoji2.text.EmojiCompatInitializer"
144-->[androidx.emoji2:emoji2:1.3.0] AndroidManifest.xml:30:17-75
145                android:value="androidx.startup" />
145-->[androidx.emoji2:emoji2:1.3.0] AndroidManifest.xml:31:17-49
146            <meta-data
146-->[androidx.lifecycle:lifecycle-process:2.8.7] AndroidManifest.xml:29:13-31:52
147                android:name="androidx.lifecycle.ProcessLifecycleInitializer"
147-->[androidx.lifecycle:lifecycle-process:2.8.7] AndroidManifest.xml:30:17-78
148                android:value="androidx.startup" />
148-->[androidx.lifecycle:lifecycle-process:2.8.7] AndroidManifest.xml:31:17-49
149            <meta-data
149-->[com.squareup.okhttp3:okhttp-android:5.3.2] AndroidManifest.xml:16:13-18:52
150                android:name="okhttp3.internal.platform.PlatformInitializer"
150-->[com.squareup.okhttp3:okhttp-android:5.3.2] AndroidManifest.xml:17:17-77
151                android:value="androidx.startup" />
151-->[com.squareup.okhttp3:okhttp-android:5.3.2] AndroidManifest.xml:18:17-49
152            <meta-data
152-->[androidx.profileinstaller:profileinstaller:1.4.0] AndroidManifest.xml:29:13-31:52
153                android:name="androidx.profileinstaller.ProfileInstallerInitializer"
153-->[androidx.profileinstaller:profileinstaller:1.4.0] AndroidManifest.xml:30:17-85
154                android:value="androidx.startup" />
154-->[androidx.profileinstaller:profileinstaller:1.4.0] AndroidManifest.xml:31:17-49
155        </provider>
156
157        <receiver
157-->[androidx.profileinstaller:profileinstaller:1.4.0] AndroidManifest.xml:34:9-52:20
158            android:name="androidx.profileinstaller.ProfileInstallReceiver"
158-->[androidx.profileinstaller:profileinstaller:1.4.0] AndroidManifest.xml:35:13-76
159            android:directBootAware="false"
159-->[androidx.profileinstaller:profileinstaller:1.4.0] AndroidManifest.xml:36:13-44
160            android:enabled="true"
160-->[androidx.profileinstaller:profileinstaller:1.4.0] AndroidManifest.xml:37:13-35
161            android:exported="true"
161-->[androidx.profileinstaller:profileinstaller:1.4.0] AndroidManifest.xml:38:13-36
162            android:permission="android.permission.DUMP" >
162-->[androidx.profileinstaller:profileinstaller:1.4.0] AndroidManifest.xml:39:13-57
163            <intent-filter>
163-->[androidx.profileinstaller:profileinstaller:1.4.0] AndroidManifest.xml:40:13-42:29
164                <action android:name="androidx.profileinstaller.action.INSTALL_PROFILE" />
164-->[androidx.profileinstaller:profileinstaller:1.4.0] AndroidManifest.xml:41:17-91
164-->[androidx.profileinstaller:profileinstaller:1.4.0] AndroidManifest.xml:41:25-88
165            </intent-filter>
166            <intent-filter>
166-->[androidx.profileinstaller:profileinstaller:1.4.0] AndroidManifest.xml:43:13-45:29
167                <action android:name="androidx.profileinstaller.action.SKIP_FILE" />
167-->[androidx.profileinstaller:profileinstaller:1.4.0] AndroidManifest.xml:44:17-85
167-->[androidx.profileinstaller:profileinstaller:1.4.0] AndroidManifest.xml:44:25-82
168            </intent-filter>
169            <intent-filter>
169-->[androidx.profileinstaller:profileinstaller:1.4.0] AndroidManifest.xml:46:13-48:29
170                <action android:name="androidx.profileinstaller.action.SAVE_PROFILE" />
170-->[androidx.profileinstaller:profileinstaller:1.4.0] AndroidManifest.xml:47:17-88
170-->[androidx.profileinstaller:profileinstaller:1.4.0] AndroidManifest.xml:47:25-85
171            </intent-filter>
172            <intent-filter>
172-->[androidx.profileinstaller:profileinstaller:1.4.0] AndroidManifest.xml:49:13-51:29
173                <action android:name="androidx.profileinstaller.action.BENCHMARK_OPERATION" />
173-->[androidx.profileinstaller:profileinstaller:1.4.0] AndroidManifest.xml:50:17-95
173-->[androidx.profileinstaller:profileinstaller:1.4.0] AndroidManifest.xml:50:25-92
174            </intent-filter>
175        </receiver>
176    </application>
177
178</manifest>